0 info it worked if it ends with ok
1 verbose cli [ 'C:\\Program Files\\nodejs\\node.exe',
1 verbose cli   'C:\\Program Files\\nodejs\\node_modules\\npm\\bin\\npm-cli.js',
1 verbose cli   'run',
1 verbose cli   'start' ]
2 info using npm@3.10.8
3 info using node@v7.0.0
4 verbose run-script [ 'prestart', 'start', 'poststart' ]
5 info lifecycle pwa@1.0.0~prestart: pwa@1.0.0
6 silly lifecycle pwa@1.0.0~prestart: no script for prestart, continuing
7 info lifecycle pwa@1.0.0~start: pwa@1.0.0
8 verbose lifecycle pwa@1.0.0~start: unsafe-perm in lifecycle true
9 verbose lifecycle pwa@1.0.0~start: PATH: C:\Users\jsonKK\AppData\Roaming\nvm\v7.0.0\node_modules\npm\bin\node-gyp-bin;E:\jsonKK\study\javascript-original\pwa\node_modules\.bin;C:\Program Files (x86)\Common Files\Oracle\Java\javapath;C:\Windows\system32;C:\Windows;C:\Windows\System32\Wbem;C:\Windows\System32\WindowsPowerShell\v1.0\;C:\Windows\System32\OpenSSH\;C:\Program Files\Git\cmd;C:\Users\jsonKK\AppData\Roaming\nvm;C:\Program Files\nodejs;C:\Program Files\Java\jdk1.8.0_201\bin;D:\jsonKK\flutter\bin;E:\normalCache\android-sdk\platform-tools;E:\normalCache\android-sdk\tools;C:\Program Files\Dart\dart-sdk\bin;D:\jsonKK\TortoiseSVN\bin;C:\Users\jsonKK\AppData\Local\Microsoft\WindowsApps;C:\Users\jsonKK\AppData\Local\GitHubDesktop\bin;D:\jsonKK\vscode\Microsoft VS Code\bin;C:\Users\jsonKK\AppData\Roaming\nvm;C:\Program Files\nodejs;D:\jsonKK\idea\IntelliJ IDEA 2019.1.3\bin;
10 verbose lifecycle pwa@1.0.0~start: CWD: E:\jsonKK\study\javascript-original\pwa
11 silly lifecycle pwa@1.0.0~start: Args: [ '/d /s /c', 'http-server -a 0.0.0.0 -p 8001 -c-1' ]
12 silly lifecycle pwa@1.0.0~start: Returned: code: 1  signal: null
13 info lifecycle pwa@1.0.0~start: Failed to exec start script
14 verbose stack Error: pwa@1.0.0 start: `http-server -a 0.0.0.0 -p 8001 -c-1`
14 verbose stack Exit status 1
14 verbose stack     at EventEmitter.<anonymous> (C:\Users\jsonKK\AppData\Roaming\nvm\v7.0.0\node_modules\npm\lib\utils\lifecycle.js:255:16)
14 verbose stack     at emitTwo (events.js:106:13)
14 verbose stack     at EventEmitter.emit (events.js:191:7)
14 verbose stack     at ChildProcess.<anonymous> (C:\Users\jsonKK\AppData\Roaming\nvm\v7.0.0\node_modules\npm\lib\utils\spawn.js:40:14)
14 verbose stack     at emitTwo (events.js:106:13)
14 verbose stack     at ChildProcess.emit (events.js:191:7)
14 verbose stack     at maybeClose (internal/child_process.js:877:16)
14 verbose stack     at Process.ChildProcess._handle.onexit (internal/child_process.js:226:5)
15 verbose pkgid pwa@1.0.0
16 verbose cwd E:\jsonKK\study\javascript-original\pwa
17 error Windows_NT 10.0.18363
18 error argv "C:\\Program Files\\nodejs\\node.exe" "C:\\Program Files\\nodejs\\node_modules\\npm\\bin\\npm-cli.js" "run" "start"
19 error node v7.0.0
20 error npm  v3.10.8
21 error code ELIFECYCLE
22 error pwa@1.0.0 start: `http-server -a 0.0.0.0 -p 8001 -c-1`
22 error Exit status 1
23 error Failed at the pwa@1.0.0 start script 'http-server -a 0.0.0.0 -p 8001 -c-1'.
23 error Make sure you have the latest version of node.js and npm installed.
23 error If you do, this is most likely a problem with the pwa package,
23 error not with npm itself.
23 error Tell the author that this fails on your system:
23 error     http-server -a 0.0.0.0 -p 8001 -c-1
23 error You can get information on how to open an issue for this project with:
23 error     npm bugs pwa
23 error Or if that isn't available, you can get their info via:
23 error     npm owner ls pwa
23 error There is likely additional logging output above.
24 verbose exit [ 1, true ]
